\BOOKMARK [0][-]{chapter.1}{\376\377\0001\000\040\000F\000i\000l\000e\000\040\000I\000n\000d\000e\000x}{}% 1
\BOOKMARK [1][-]{section.1.1}{\376\377\0001\000.\0001\000\040\000F\000i\000l\000e\000\040\000L\000i\000s\000t}{chapter.1}% 2
\BOOKMARK [0][-]{chapter.2}{\376\377\0002\000\040\000F\000i\000l\000e\000\040\000D\000o\000c\000u\000m\000e\000n\000t\000a\000t\000i\000o\000n}{}% 3
\BOOKMARK [1][-]{section.2.1}{\376\377\0002\000.\0001\000\040\000i\000n\000c\000l\000u\000d\000e\000/\000c\000o\000u\000n\000t\000i\000n\000g\000s\000o\000r\000t\000.\000h\000\040\000F\000i\000l\000e\000\040\000R\000e\000f\000e\000r\000e\000n\000c\000e}{chapter.2}% 4
\BOOKMARK [2][-]{subsection.2.1.1}{\376\377\0002\000.\0001\000.\0001\000\040\000M\000a\000c\000r\000o\000\040\000D\000e\000f\000i\000n\000i\000t\000i\000o\000n\000\040\000D\000o\000c\000u\000m\000e\000n\000t\000a\000t\000i\000o\000n}{section.2.1}% 5
\BOOKMARK [3][-]{subsubsection.2.1.1.1}{\376\377\0002\000.\0001\000.\0001\000.\0001\000\040\000E\000N\000D\000T\000I\000M\000E}{subsection.2.1.1}% 6
\BOOKMARK [3][-]{subsubsection.2.1.1.2}{\376\377\0002\000.\0001\000.\0001\000.\0002\000\040\000S\000T\000A\000R\000T\000T\000I\000M\000E}{subsection.2.1.1}% 7
\BOOKMARK [2][-]{subsection.2.1.2}{\376\377\0002\000.\0001\000.\0002\000\040\000F\000u\000n\000c\000t\000i\000o\000n\000\040\000D\000o\000c\000u\000m\000e\000n\000t\000a\000t\000i\000o\000n}{section.2.1}% 8
\BOOKMARK [3][-]{subsubsection.2.1.2.1}{\376\377\0002\000.\0001\000.\0002\000.\0001\000\040\000c\000o\000u\000n\000t\000S\000o\000r\000t\000O\000n\000\050\000\051}{subsection.2.1.2}% 9
\BOOKMARK [3][-]{subsubsection.2.1.2.2}{\376\377\0002\000.\0001\000.\0002\000.\0002\000\040\000c\000o\000u\000n\000t\000S\000o\000r\000t\000O\000n\0002\000\050\000\051}{subsection.2.1.2}% 10
\BOOKMARK [3][-]{subsubsection.2.1.2.3}{\376\377\0002\000.\0001\000.\0002\000.\0003\000\040\000g\000e\000n\000e\000r\000a\000t\000e\000A\000r\000r\000a\000y\000\050\000\051}{subsection.2.1.2}% 11
\BOOKMARK [1][-]{section.2.2}{\376\377\0002\000.\0002\000\040\000s\000r\000c\000/\000c\000o\000u\000n\000t\000i\000n\000g\000s\000o\000r\000t\000.\000c\000\040\000F\000i\000l\000e\000\040\000R\000e\000f\000e\000r\000e\000n\000c\000e}{chapter.2}% 12
\BOOKMARK [2][-]{subsection.2.2.1}{\376\377\0002\000.\0002\000.\0001\000\040\000M\000a\000c\000r\000o\000\040\000D\000e\000f\000i\000n\000i\000t\000i\000o\000n\000\040\000D\000o\000c\000u\000m\000e\000n\000t\000a\000t\000i\000o\000n}{section.2.2}% 13
\BOOKMARK [3][-]{subsubsection.2.2.1.1}{\376\377\0002\000.\0002\000.\0001\000.\0001\000\040\000o\000m\000p\000\137\000g\000e\000t\000\137\000t\000h\000r\000e\000a\000d\000\137\000n\000u\000m}{subsection.2.2.1}% 14
\BOOKMARK [2][-]{subsection.2.2.2}{\376\377\0002\000.\0002\000.\0002\000\040\000F\000u\000n\000c\000t\000i\000o\000n\000\040\000D\000o\000c\000u\000m\000e\000n\000t\000a\000t\000i\000o\000n}{section.2.2}% 15
\BOOKMARK [3][-]{subsubsection.2.2.2.1}{\376\377\0002\000.\0002\000.\0002\000.\0001\000\040\000c\000o\000u\000n\000t\000S\000o\000r\000t\000O\000n\000\050\000\051}{subsection.2.2.2}% 16
\BOOKMARK [3][-]{subsubsection.2.2.2.2}{\376\377\0002\000.\0002\000.\0002\000.\0002\000\040\000c\000o\000u\000n\000t\000S\000o\000r\000t\000O\000n\0002\000\050\000\051}{subsection.2.2.2}% 17
\BOOKMARK [3][-]{subsubsection.2.2.2.3}{\376\377\0002\000.\0002\000.\0002\000.\0003\000\040\000g\000e\000n\000e\000r\000a\000t\000e\000A\000r\000r\000a\000y\000\050\000\051}{subsection.2.2.2}% 18
\BOOKMARK [1][-]{section.2.3}{\376\377\0002\000.\0003\000\040\000s\000r\000c\000/\000m\000a\000i\000n\000.\000c\000\040\000F\000i\000l\000e\000\040\000R\000e\000f\000e\000r\000e\000n\000c\000e}{chapter.2}% 19
\BOOKMARK [2][-]{subsection.2.3.1}{\376\377\0002\000.\0003\000.\0001\000\040\000F\000u\000n\000c\000t\000i\000o\000n\000\040\000D\000o\000c\000u\000m\000e\000n\000t\000a\000t\000i\000o\000n}{section.2.3}% 20
\BOOKMARK [3][-]{subsubsection.2.3.1.1}{\376\377\0002\000.\0003\000.\0001\000.\0001\000\040\000m\000a\000i\000n\000\050\000\051}{subsection.2.3.1}% 21
\BOOKMARK [1][-]{section.2.4}{\376\377\0002\000.\0004\000\040\000s\000r\000c\000/\000m\000a\000i\000n\000O\000n\000.\000c\000\040\000F\000i\000l\000e\000\040\000R\000e\000f\000e\000r\000e\000n\000c\000e}{chapter.2}% 22
\BOOKMARK [2][-]{subsection.2.4.1}{\376\377\0002\000.\0004\000.\0001\000\040\000F\000u\000n\000c\000t\000i\000o\000n\000\040\000D\000o\000c\000u\000m\000e\000n\000t\000a\000t\000i\000o\000n}{section.2.4}% 23
\BOOKMARK [3][-]{subsubsection.2.4.1.1}{\376\377\0002\000.\0004\000.\0001\000.\0001\000\040\000m\000a\000i\000n\000\050\000\051}{subsection.2.4.1}% 24
\BOOKMARK [0][-]{section*.12}{\376\377\000I\000n\000d\000e\000x}{}% 25
